<?xml version="1.0" encoding="UTF-8"?>
<testng-results ignored="0" total="1" passed="1" failed="0" skipped="0">
  <reporter-output>
  </reporter-output>
  <suite started-at="2020-01-13T22:48:42Z" name="Default suite" finished-at="2020-01-13T22:48:46Z" duration-ms="4021">
    <groups>
    </groups>
    <test started-at="2020-01-13T22:48:42Z" name="Default test" finished-at="2020-01-13T22:48:46Z" duration-ms="4021">
      <class name="com.common.Dropdown">
        <test-method signature="drop()[pri:0, instance:com.common.Dropdown@15bb6bea]" started-at="2020-01-13T22:48:42Z" name="drop" finished-at="2020-01-13T22:48:46Z" duration-ms="3986" status="PASS">
          <reporter-output>
          </reporter-output>
        </test-method> <!-- drop -->
      </class> <!-- com.common.Dropdown -->
    </test> <!-- Default test -->
  </suite> <!-- Default suite -->
</testng-results>
